<?xml version="1.0" encoding="UTF-8"?>
<!-- Generated by org.testng.reporters.JUnitReportReporter -->
<testsuite hostname="HIPUNL69713" failures="0" tests="1" name="MavenPackage.MavenProject1.NewTest1" time="0.005" errors="0" timestamp="7 Jul 2018 09:30:34 GMT">
  <testcase classname="MavenPackage.MavenProject1.NewTest1" name="f" time="0.005"/>
</testsuite> <!-- MavenPackage.MavenProject1.NewTest1 -->
